{"D:\\Prisma-Project\\BlogApp-Backend\\DB\\db.config.ts": {"path":"D:\\Prisma-Project\\BlogApp-Backend\\DB\\db.config.ts","statementMap":{"0":{"start":{"line":3,"column":15},"end":{"line":5,"column":2}}},"fnMap":{},"branchMap":{},"s":{"0":3},"f":{},"b":{},"_coverageSchema":"1a1c01bbd47fc00a2c39e90264f33305004495a9","hash":"a6db03913d3b0f418e4f1b914ea226802a9fcc29"}
,"D:\\Prisma-Project\\BlogApp-Backend\\modules\\auth\\auth.controllers.ts": {"path":"D:\\Prisma-Project\\BlogApp-Backend\\modules\\auth\\auth.controllers.ts","statementMap":{"0":{"start":{"line":10,"column":26},"end":{"line":45,"column":1}},"1":{"start":{"line":11,"column":21},"end":{"line":11,"column":23}},"2":{"start":{"line":21,"column":6},"end":{"line":21,"column":10}},"3":{"start":{"line":22,"column":23},"end":{"line":22,"column":67}},"4":{"start":{"line":23,"column":18},"end":{"line":33,"column":3}},"5":{"start":{"line":35,"column":19},"end":{"line":35,"column":32}},"6":{"start":{"line":36,"column":19},"end":{"line":36,"column":64}},"7":{"start":{"line":37,"column":2},"end":{"line":39,"column":5}},"8":{"start":{"line":41,"column":2},"end":{"line":41,"column":38}},"9":{"start":{"line":42,"column":2},"end":{"line":44,"column":5}},"10":{"start":{"line":47,"column":22},"end":{"line":73,"column":1}},"11":{"start":{"line":48,"column":30},"end":{"line":48,"column":38}},"12":{"start":{"line":49,"column":15},"end":{"line":53,"column":4}},"13":{"start":{"line":55,"column":2},"end":{"line":55,"column":54}},"14":{"start":{"line":55,"column":13},"end":{"line":55,"column":54}},"15":{"start":{"line":56,"column":23},"end":{"line":56,"column":50}},"16":{"start":{"line":58,"column":2},"end":{"line":58,"column":57}},"17":{"start":{"line":58,"column":21},"end":{"line":58,"column":57}},"18":{"start":{"line":59,"column":21},"end":{"line":59,"column":47}},"19":{"start":{"line":60,"column":2},"end":{"line":60,"column":64}},"20":{"start":{"line":60,"column":19},"end":{"line":60,"column":64}},"21":{"start":{"line":61,"column":2},"end":{"line":66,"column":5}},"22":{"start":{"line":67,"column":2},"end":{"line":71,"column":5}},"23":{"start":{"line":72,"column":2},"end":{"line":72,"column":14}},"24":{"start":{"line":75,"column":21},"end":{"line":114,"column":1}},"25":{"start":{"line":79,"column":15},"end":{"line":83,"column":4}},"26":{"start":{"line":85,"column":2},"end":{"line":85,"column":47}},"27":{"start":{"line":85,"column":13},"end":{"line":85,"column":47}},"28":{"start":{"line":87,"column":4},"end":{"line":87,"column":77}},"29":{"start":{"line":88,"column":2},"end":{"line":88,"column":79}},"30":{"start":{"line":88,"column":34},"end":{"line":88,"column":79}},"31":{"start":{"line":89,"column":2},"end":{"line":89,"column":70}},"32":{"start":{"line":89,"column":29},"end":{"line":89,"column":70}},"33":{"start":{"line":90,"column":2},"end":{"line":90,"column":65}},"34":{"start":{"line":90,"column":22},"end":{"line":90,"column":65}},"35":{"start":{"line":92,"column":18},"end":{"line":95,"column":3}},"36":{"start":{"line":96,"column":22},"end":{"line":98,"column":4}},"37":{"start":{"line":100,"column":23},"end":{"line":104,"column":3}},"38":{"start":{"line":109,"column":2},"end":{"line":113,"column":4}},"39":{"start":{"line":116,"column":35},"end":{"line":131,"column":1}},"40":{"start":{"line":117,"column":15},"end":{"line":121,"column":4}},"41":{"start":{"line":122,"column":2},"end":{"line":122,"column":51}},"42":{"start":{"line":122,"column":13},"end":{"line":122,"column":51}},"43":{"start":{"line":123,"column":19},"end":{"line":123,"column":40}},"44":{"start":{"line":124,"column":18},"end":{"line":124,"column":37}},"45":{"start":{"line":125,"column":2},"end":{"line":128,"column":5}},"46":{"start":{"line":129,"column":2},"end":{"line":129,"column":32}},"47":{"start":{"line":130,"column":2},"end":{"line":130,"column":14}},"48":{"start":{"line":133,"column":35},"end":{"line":147,"column":1}},"49":{"start":{"line":134,"column":15},"end":{"line":138,"column":4}},"50":{"start":{"line":139,"column":2},"end":{"line":139,"column":51}},"51":{"start":{"line":139,"column":13},"end":{"line":139,"column":51}},"52":{"start":{"line":140,"column":19},"end":{"line":140,"column":40}},"53":{"start":{"line":141,"column":18},"end":{"line":141,"column":37}},"54":{"start":{"line":142,"column":2},"end":{"line":144,"column":5}},"55":{"start":{"line":145,"column":2},"end":{"line":145,"column":32}},"56":{"start":{"line":146,"column":2},"end":{"line":146,"column":14}},"57":{"start":{"line":149,"column":30},"end":{"line":180,"column":1}},"58":{"start":{"line":154,"column":21},"end":{"line":154,"column":23}},"59":{"start":{"line":155,"column":19},"end":{"line":159,"column":4}},"60":{"start":{"line":160,"column":2},"end":{"line":160,"column":55}},"61":{"start":{"line":160,"column":17},"end":{"line":160,"column":55}},"62":{"start":{"line":161,"column":23},"end":{"line":161,"column":50}},"63":{"start":{"line":163,"column":2},"end":{"line":163,"column":72}},"64":{"start":{"line":163,"column":21},"end":{"line":163,"column":72}},"65":{"start":{"line":164,"column":23},"end":{"line":164,"column":53}},"66":{"start":{"line":165,"column":2},"end":{"line":165,"column":66}},"67":{"start":{"line":165,"column":21},"end":{"line":165,"column":66}},"68":{"start":{"line":166,"column":2},"end":{"line":173,"column":5}},"69":{"start":{"line":174,"column":2},"end":{"line":178,"column":5}},"70":{"start":{"line":179,"column":2},"end":{"line":179,"column":14}},"71":{"start":{"line":182,"column":30},"end":{"line":218,"column":1}},"72":{"start":{"line":188,"column":21},"end":{"line":188,"column":23}},"73":{"start":{"line":189,"column":19},"end":{"line":193,"column":4}},"74":{"start":{"line":194,"column":2},"end":{"line":194,"column":60}},"75":{"start":{"line":194,"column":17},"end":{"line":194,"column":60}},"76":{"start":{"line":195,"column":23},"end":{"line":195,"column":50}},"77":{"start":{"line":196,"column":2},"end":{"line":196,"column":72}},"78":{"start":{"line":196,"column":21},"end":{"line":196,"column":72}},"79":{"start":{"line":197,"column":23},"end":{"line":197,"column":53}},"80":{"start":{"line":198,"column":2},"end":{"line":198,"column":59}},"81":{"start":{"line":198,"column":21},"end":{"line":198,"column":59}},"82":{"start":{"line":199,"column":15},"end":{"line":201,"column":4}},"83":{"start":{"line":202,"column":2},"end":{"line":202,"column":47}},"84":{"start":{"line":202,"column":13},"end":{"line":202,"column":47}},"85":{"start":{"line":203,"column":26},"end":{"line":203,"column":78}},"86":{"start":{"line":207,"column":2},"end":{"line":208,"column":62}},"87":{"start":{"line":208,"column":4},"end":{"line":208,"column":62}},"88":{"start":{"line":209,"column":2},"end":{"line":216,"column":5}},"89":{"start":{"line":217,"column":2},"end":{"line":217,"column":14}}},"fnMap":{"0":{"name":"(anonymous_0)","decl":{"start":{"line":10,"column":26},"end":{"line":10,"column":27}},"loc":{"start":{"line":10,"column":62},"end":{"line":45,"column":1}},"line":10},"1":{"name":"(anonymous_1)","decl":{"start":{"line":47,"column":22},"end":{"line":47,"column":23}},"loc":{"start":{"line":47,"column":48},"end":{"line":73,"column":1}},"line":47},"2":{"name":"(anonymous_2)","decl":{"start":{"line":75,"column":21},"end":{"line":75,"column":22}},"loc":{"start":{"line":78,"column":30},"end":{"line":114,"column":1}},"line":78},"3":{"name":"(anonymous_3)","decl":{"start":{"line":116,"column":35},"end":{"line":116,"column":36}},"loc":{"start":{"line":116,"column":78},"end":{"line":131,"column":1}},"line":116},"4":{"name":"(anonymous_4)","decl":{"start":{"line":133,"column":35},"end":{"line":133,"column":36}},"loc":{"start":{"line":133,"column":78},"end":{"line":147,"column":1}},"line":133},"5":{"name":"(anonymous_5)","decl":{"start":{"line":149,"column":30},"end":{"line":149,"column":31}},"loc":{"start":{"line":153,"column":23},"end":{"line":180,"column":1}},"line":153},"6":{"name":"(anonymous_6)","decl":{"start":{"line":182,"column":30},"end":{"line":182,"column":31}},"loc":{"start":{"line":187,"column":23},"end":{"line":218,"column":1}},"line":187}},"branchMap":{"0":{"loc":{"start":{"line":55,"column":2},"end":{"line":55,"column":54}},"type":"if","locations":[{"start":{"line":55,"column":2},"end":{"line":55,"column":54}},{"start":{},"end":{}}],"line":55},"1":{"loc":{"start":{"line":58,"column":2},"end":{"line":58,"column":57}},"type":"if","locations":[{"start":{"line":58,"column":2},"end":{"line":58,"column":57}},{"start":{},"end":{}}],"line":58},"2":{"loc":{"start":{"line":60,"column":2},"end":{"line":60,"column":64}},"type":"if","locations":[{"start":{"line":60,"column":2},"end":{"line":60,"column":64}},{"start":{},"end":{}}],"line":60},"3":{"loc":{"start":{"line":85,"column":2},"end":{"line":85,"column":47}},"type":"if","locations":[{"start":{"line":85,"column":2},"end":{"line":85,"column":47}},{"start":{},"end":{}}],"line":85},"4":{"loc":{"start":{"line":87,"column":4},"end":{"line":87,"column":77}},"type":"cond-expr","locations":[{"start":{"line":87,"column":20},"end":{"line":87,"column":25}},{"start":{"line":87,"column":28},"end":{"line":87,"column":77}}],"line":87},"5":{"loc":{"start":{"line":88,"column":2},"end":{"line":88,"column":79}},"type":"if","locations":[{"start":{"line":88,"column":2},"end":{"line":88,"column":79}},{"start":{},"end":{}}],"line":88},"6":{"loc":{"start":{"line":88,"column":8},"end":{"line":88,"column":31}},"type":"binary-expr","locations":[{"start":{"line":88,"column":8},"end":{"line":88,"column":23}},{"start":{"line":88,"column":27},"end":{"line":88,"column":31}}],"line":88},"7":{"loc":{"start":{"line":89,"column":2},"end":{"line":89,"column":70}},"type":"if","locations":[{"start":{"line":89,"column":2},"end":{"line":89,"column":70}},{"start":{},"end":{}}],"line":89},"8":{"loc":{"start":{"line":90,"column":2},"end":{"line":90,"column":65}},"type":"if","locations":[{"start":{"line":90,"column":2},"end":{"line":90,"column":65}},{"start":{},"end":{}}],"line":90},"9":{"loc":{"start":{"line":96,"column":40},"end":{"line":96,"column":64}},"type":"binary-expr","locations":[{"start":{"line":96,"column":40},"end":{"line":96,"column":58}},{"start":{"line":96,"column":62},"end":{"line":96,"column":64}}],"line":96},"10":{"loc":{"start":{"line":102,"column":4},"end":{"line":102,"column":42}},"type":"binary-expr","locations":[{"start":{"line":102,"column":4},"end":{"line":102,"column":36}},{"start":{"line":102,"column":40},"end":{"line":102,"column":42}}],"line":102},"11":{"loc":{"start":{"line":122,"column":2},"end":{"line":122,"column":51}},"type":"if","locations":[{"start":{"line":122,"column":2},"end":{"line":122,"column":51}},{"start":{},"end":{}}],"line":122},"12":{"loc":{"start":{"line":139,"column":2},"end":{"line":139,"column":51}},"type":"if","locations":[{"start":{"line":139,"column":2},"end":{"line":139,"column":51}},{"start":{},"end":{}}],"line":139},"13":{"loc":{"start":{"line":160,"column":2},"end":{"line":160,"column":55}},"type":"if","locations":[{"start":{"line":160,"column":2},"end":{"line":160,"column":55}},{"start":{},"end":{}}],"line":160},"14":{"loc":{"start":{"line":163,"column":2},"end":{"line":163,"column":72}},"type":"if","locations":[{"start":{"line":163,"column":2},"end":{"line":163,"column":72}},{"start":{},"end":{}}],"line":163},"15":{"loc":{"start":{"line":165,"column":2},"end":{"line":165,"column":66}},"type":"if","locations":[{"start":{"line":165,"column":2},"end":{"line":165,"column":66}},{"start":{},"end":{}}],"line":165},"16":{"loc":{"start":{"line":194,"column":2},"end":{"line":194,"column":60}},"type":"if","locations":[{"start":{"line":194,"column":2},"end":{"line":194,"column":60}},{"start":{},"end":{}}],"line":194},"17":{"loc":{"start":{"line":196,"column":2},"end":{"line":196,"column":72}},"type":"if","locations":[{"start":{"line":196,"column":2},"end":{"line":196,"column":72}},{"start":{},"end":{}}],"line":196},"18":{"loc":{"start":{"line":198,"column":2},"end":{"line":198,"column":59}},"type":"if","locations":[{"start":{"line":198,"column":2},"end":{"line":198,"column":59}},{"start":{},"end":{}}],"line":198},"19":{"loc":{"start":{"line":202,"column":2},"end":{"line":202,"column":47}},"type":"if","locations":[{"start":{"line":202,"column":2},"end":{"line":202,"column":47}},{"start":{},"end":{}}],"line":202},"20":{"loc":{"start":{"line":207,"column":2},"end":{"line":208,"column":62}},"type":"if","locations":[{"start":{"line":207,"column":2},"end":{"line":208,"column":62}},{"start":{},"end":{}}],"line":207}},"s":{"0":1,"1":1,"2":1,"3":1,"4":1,"5":1,"6":1,"7":1,"8":1,"9":1,"10":1,"11":4,"12":4,"13":4,"14":1,"15":3,"16":3,"17":1,"18":2,"19":2,"20":1,"21":1,"22":1,"23":1,"24":1,"25":5,"26":5,"27":1,"28":4,"29":4,"30":1,"31":3,"32":1,"33":2,"34":1,"35":1,"36":1,"37":1,"38":1,"39":1,"40":2,"41":2,"42":1,"43":1,"44":1,"45":1,"46":1,"47":1,"48":1,"49":2,"50":2,"51":1,"52":1,"53":1,"54":1,"55":1,"56":1,"57":1,"58":4,"59":4,"60":4,"61":1,"62":3,"63":3,"64":1,"65":2,"66":2,"67":1,"68":1,"69":1,"70":1,"71":1,"72":6,"73":6,"74":6,"75":1,"76":5,"77":5,"78":1,"79":4,"80":4,"81":1,"82":3,"83":3,"84":1,"85":2,"86":2,"87":1,"88":1,"89":1},"f":{"0":1,"1":4,"2":5,"3":2,"4":2,"5":4,"6":6},"b":{"0":[1,3],"1":[1,2],"2":[1,1],"3":[1,4],"4":[0,4],"5":[1,3],"6":[4,3],"7":[1,2],"8":[1,1],"9":[1,0],"10":[1,0],"11":[1,1],"12":[1,1],"13":[1,3],"14":[1,2],"15":[1,1],"16":[1,5],"17":[1,4],"18":[1,3],"19":[1,2],"20":[1,1]},"_coverageSchema":"1a1c01bbd47fc00a2c39e90264f33305004495a9","hash":"beb0f558b54df760b4a3d11d4c112924829da7dd"}
,"D:\\Prisma-Project\\BlogApp-Backend\\modules\\blog\\blogControllers.ts": {"path":"D:\\Prisma-Project\\BlogApp-Backend\\modules\\blog\\blogControllers.ts","statementMap":{"0":{"start":{"line":5,"column":26},"end":{"line":9,"column":1}},"1":{"start":{"line":6,"column":2},"end":{"line":8,"column":5}},"2":{"start":{"line":11,"column":26},"end":{"line":13,"column":1}},"3":{"start":{"line":12,"column":2},"end":{"line":12,"column":40}},"4":{"start":{"line":15,"column":27},"end":{"line":21,"column":1}},"5":{"start":{"line":16,"column":2},"end":{"line":20,"column":5}},"6":{"start":{"line":23,"column":26},"end":{"line":30,"column":1}},"7":{"start":{"line":24,"column":2},"end":{"line":29,"column":5}},"8":{"start":{"line":32,"column":30},"end":{"line":38,"column":1}},"9":{"start":{"line":33,"column":2},"end":{"line":37,"column":5}}},"fnMap":{"0":{"name":"(anonymous_0)","decl":{"start":{"line":5,"column":26},"end":{"line":5,"column":27}},"loc":{"start":{"line":5,"column":63},"end":{"line":9,"column":1}},"line":5},"1":{"name":"(anonymous_1)","decl":{"start":{"line":11,"column":26},"end":{"line":11,"column":27}},"loc":{"start":{"line":11,"column":62},"end":{"line":13,"column":1}},"line":11},"2":{"name":"(anonymous_2)","decl":{"start":{"line":15,"column":27},"end":{"line":15,"column":28}},"loc":{"start":{"line":15,"column":71},"end":{"line":21,"column":1}},"line":15},"3":{"name":"(anonymous_3)","decl":{"start":{"line":23,"column":26},"end":{"line":23,"column":27}},"loc":{"start":{"line":23,"column":78},"end":{"line":30,"column":1}},"line":23},"4":{"name":"(anonymous_4)","decl":{"start":{"line":32,"column":30},"end":{"line":32,"column":31}},"loc":{"start":{"line":32,"column":67},"end":{"line":38,"column":1}},"line":32}},"branchMap":{},"s":{"0":1,"1":1,"2":1,"3":1,"4":1,"5":1,"6":1,"7":1,"8":1,"9":1},"f":{"0":1,"1":1,"2":1,"3":1,"4":1},"b":{},"_coverageSchema":"1a1c01bbd47fc00a2c39e90264f33305004495a9","hash":"90bdd6609782c21fa17baf89014471359c5bde66"}
,"D:\\Prisma-Project\\BlogApp-Backend\\modules\\user\\user.controller.ts": {"path":"D:\\Prisma-Project\\BlogApp-Backend\\modules\\user\\user.controller.ts","statementMap":{"0":{"start":{"line":8,"column":26},"end":{"line":20,"column":1}},"1":{"start":{"line":9,"column":19},"end":{"line":18,"column":4}},"2":{"start":{"line":19,"column":2},"end":{"line":19,"column":46}},"3":{"start":{"line":22,"column":27},"end":{"line":37,"column":1}},"4":{"start":{"line":23,"column":19},"end":{"line":35,"column":4}},"5":{"start":{"line":36,"column":2},"end":{"line":36,"column":46}},"6":{"start":{"line":39,"column":26},"end":{"line":69,"column":1}},"7":{"start":{"line":40,"column":21},"end":{"line":40,"column":23}},"8":{"start":{"line":50,"column":6},"end":{"line":50,"column":10}},"9":{"start":{"line":51,"column":23},"end":{"line":51,"column":67}},"10":{"start":{"line":52,"column":18},"end":{"line":64,"column":3}},"11":{"start":{"line":66,"column":2},"end":{"line":68,"column":5}},"12":{"start":{"line":70,"column":25},"end":{"line":83,"column":1}},"13":{"start":{"line":71,"column":15},"end":{"line":75,"column":4}},"14":{"start":{"line":76,"column":2},"end":{"line":76,"column":50}},"15":{"start":{"line":76,"column":13},"end":{"line":76,"column":50}},"16":{"start":{"line":77,"column":2},"end":{"line":82,"column":5}},"17":{"start":{"line":85,"column":26},"end":{"line":94,"column":1}},"18":{"start":{"line":86,"column":15},"end":{"line":88,"column":4}},"19":{"start":{"line":89,"column":2},"end":{"line":89,"column":47}},"20":{"start":{"line":89,"column":13},"end":{"line":89,"column":47}},"21":{"start":{"line":90,"column":2},"end":{"line":93,"column":5}}},"fnMap":{"0":{"name":"(anonymous_0)","decl":{"start":{"line":8,"column":26},"end":{"line":8,"column":27}},"loc":{"start":{"line":8,"column":59},"end":{"line":20,"column":1}},"line":8},"1":{"name":"(anonymous_1)","decl":{"start":{"line":22,"column":27},"end":{"line":22,"column":28}},"loc":{"start":{"line":22,"column":68},"end":{"line":37,"column":1}},"line":22},"2":{"name":"(anonymous_2)","decl":{"start":{"line":39,"column":26},"end":{"line":39,"column":27}},"loc":{"start":{"line":39,"column":62},"end":{"line":69,"column":1}},"line":39},"3":{"name":"(anonymous_3)","decl":{"start":{"line":70,"column":25},"end":{"line":70,"column":26}},"loc":{"start":{"line":70,"column":74},"end":{"line":83,"column":1}},"line":70},"4":{"name":"(anonymous_4)","decl":{"start":{"line":85,"column":26},"end":{"line":85,"column":27}},"loc":{"start":{"line":85,"column":75},"end":{"line":94,"column":1}},"line":85}},"branchMap":{"0":{"loc":{"start":{"line":76,"column":2},"end":{"line":76,"column":50}},"type":"if","locations":[{"start":{"line":76,"column":2},"end":{"line":76,"column":50}},{"start":{},"end":{}}],"line":76},"1":{"loc":{"start":{"line":89,"column":2},"end":{"line":89,"column":47}},"type":"if","locations":[{"start":{"line":89,"column":2},"end":{"line":89,"column":47}},{"start":{},"end":{}}],"line":89}},"s":{"0":1,"1":1,"2":1,"3":1,"4":1,"5":1,"6":1,"7":1,"8":1,"9":1,"10":1,"11":1,"12":1,"13":2,"14":2,"15":1,"16":1,"17":1,"18":2,"19":2,"20":1,"21":1},"f":{"0":1,"1":1,"2":1,"3":2,"4":2},"b":{"0":[1,1],"1":[1,1]},"_coverageSchema":"1a1c01bbd47fc00a2c39e90264f33305004495a9","hash":"706410308af2bdcd8055906b1a7b1f2a011fa531"}
}
