TN:
SF:DB\db.config.ts
FNF:0
FNH:0
DA:3,3
LF:1
LH:1
BRF:0
BRH:0
end_of_record
TN:
SF:modules\auth\auth.controllers.ts
FN:10,(anonymous_0)
FN:47,(anonymous_1)
FN:75,(anonymous_2)
FN:116,(anonymous_3)
FN:133,(anonymous_4)
FN:149,(anonymous_5)
FN:182,(anonymous_6)
FNF:7
FNH:7
FNDA:1,(anonymous_0)
FNDA:4,(anonymous_1)
FNDA:5,(anonymous_2)
FNDA:2,(anonymous_3)
FNDA:2,(anonymous_4)
FNDA:4,(anonymous_5)
FNDA:6,(anonymous_6)
DA:10,1
DA:11,1
DA:21,1
DA:22,1
DA:23,1
DA:35,1
DA:36,1
DA:37,1
DA:41,1
DA:42,1
DA:47,1
DA:48,4
DA:49,4
DA:55,4
DA:56,3
DA:58,3
DA:59,2
DA:60,2
DA:61,1
DA:67,1
DA:72,1
DA:75,1
DA:79,5
DA:85,5
DA:87,4
DA:88,4
DA:89,3
DA:90,2
DA:92,1
DA:96,1
DA:100,1
DA:109,1
DA:116,1
DA:117,2
DA:122,2
DA:123,1
DA:124,1
DA:125,1
DA:129,1
DA:130,1
DA:133,1
DA:134,2
DA:139,2
DA:140,1
DA:141,1
DA:142,1
DA:145,1
DA:146,1
DA:149,1
DA:154,4
DA:155,4
DA:160,4
DA:161,3
DA:163,3
DA:164,2
DA:165,2
DA:166,1
DA:174,1
DA:179,1
DA:182,1
DA:188,6
DA:189,6
DA:194,6
DA:195,5
DA:196,5
DA:197,4
DA:198,4
DA:199,3
DA:202,3
DA:203,2
DA:207,2
DA:208,1
DA:209,1
DA:217,1
LF:74
LH:74
BRDA:55,0,0,1
BRDA:55,0,1,3
BRDA:58,1,0,1
BRDA:58,1,1,2
BRDA:60,2,0,1
BRDA:60,2,1,1
BRDA:85,3,0,1
BRDA:85,3,1,4
BRDA:87,4,0,0
BRDA:87,4,1,4
BRDA:88,5,0,1
BRDA:88,5,1,3
BRDA:88,6,0,4
BRDA:88,6,1,3
BRDA:89,7,0,1
BRDA:89,7,1,2
BRDA:90,8,0,1
BRDA:90,8,1,1
BRDA:96,9,0,1
BRDA:96,9,1,0
BRDA:102,10,0,1
BRDA:102,10,1,0
BRDA:122,11,0,1
BRDA:122,11,1,1
BRDA:139,12,0,1
BRDA:139,12,1,1
BRDA:160,13,0,1
BRDA:160,13,1,3
BRDA:163,14,0,1
BRDA:163,14,1,2
BRDA:165,15,0,1
BRDA:165,15,1,1
BRDA:194,16,0,1
BRDA:194,16,1,5
BRDA:196,17,0,1
BRDA:196,17,1,4
BRDA:198,18,0,1
BRDA:198,18,1,3
BRDA:202,19,0,1
BRDA:202,19,1,2
BRDA:207,20,0,1
BRDA:207,20,1,1
BRF:42
BRH:39
end_of_record
TN:
SF:modules\blog\blogControllers.ts
FN:5,(anonymous_0)
FN:11,(anonymous_1)
FN:15,(anonymous_2)
FN:23,(anonymous_3)
FN:32,(anonymous_4)
FNF:5
FNH:5
FNDA:1,(anonymous_0)
FNDA:1,(anonymous_1)
FNDA:1,(anonymous_2)
FNDA:1,(anonymous_3)
FNDA:1,(anonymous_4)
DA:5,1
DA:6,1
DA:11,1
DA:12,1
DA:15,1
DA:16,1
DA:23,1
DA:24,1
DA:32,1
DA:33,1
LF:10
LH:10
BRF:0
BRH:0
end_of_record
TN:
SF:modules\user\user.controller.ts
FN:8,(anonymous_0)
FN:22,(anonymous_1)
FN:39,(anonymous_2)
FN:70,(anonymous_3)
FN:85,(anonymous_4)
FNF:5
FNH:5
FNDA:1,(anonymous_0)
FNDA:1,(anonymous_1)
FNDA:1,(anonymous_2)
FNDA:1,(anonymous_3)
FNDA:1,(anonymous_4)
DA:8,1
DA:9,1
DA:19,1
DA:22,1
DA:23,1
DA:36,1
DA:39,1
DA:40,1
DA:50,1
DA:51,1
DA:52,1
DA:66,1
DA:70,1
DA:71,1
DA:76,1
DA:77,1
DA:85,1
DA:86,1
DA:89,1
DA:90,1
LF:20
LH:20
BRDA:76,0,0,0
BRDA:76,0,1,1
BRDA:89,1,0,0
BRDA:89,1,1,1
BRF:4
BRH:2
end_of_record
